build/app/outputs/mapping/release/mapping.txt
# compiler: R8
# compiler_version: 1.5.64
# min_api: 21
# pg_map_id: fe51fb9
...
com.google.firestore.v1.StructuredQuery$UnaryFilter -> b.a.e.a.j0$r:
    com.google.firestore.v1.StructuredQuery$UnaryFilter DEFAULT_INSTANCE -> g
    com.google.protobuf.Parser PARSER -> h
    java.lang.Object operandType_ -> e
    int op_ -> f
    int operandTypeCase_ -> d
    void access$5200(com.google.firestore.v1.StructuredQuery$UnaryFilter,com.google.firestore.v1.StructuredQuery$UnaryFilter$Operator) -> a
    void access$5400(com.google.firestore.v1.StructuredQuery$UnaryFilter,com.google.firestore.v1.StructuredQuery$FieldReference) -> a
    java.lang.Object dynamicMethod(com.google.protobuf.GeneratedMessageLite$MethodToInvoke,java.lang.Object,java.lang.Object) -> a
    void setField(com.google.firestore.v1.StructuredQuery$FieldReference) -> a
    void setOp(com.google.firestore.v1.StructuredQuery$UnaryFilter$Operator) -> a
    void writeTo(com.google.protobuf.CodedOutputStream) -> a
    int getSerializedSize() -> e
    com.google.firestore.v1.StructuredQuery$FieldReference getField() -> m
    com.google.firestore.v1.StructuredQuery$UnaryFilter$Operator getOp() -> n
    com.google.firestore.v1.StructuredQuery$UnaryFilter$OperandTypeCase getOperandTypeCase() -> o
    com.google.firestore.v1.StructuredQuery$UnaryFilter access$4900() -> p
    com.google.firestore.v1.StructuredQuery$UnaryFilter getDefaultInstance() -> q
    com.google.firestore.v1.StructuredQuery$UnaryFilter$Builder newBuilder() -> r
    com.google.protobuf.Parser parser() -> s
com.google.firestore.v1.StructuredQuery$UnaryFilter$Builder -> b.a.e.a.j0$r$a:
    com.google.firestore.v1.StructuredQuery$UnaryFilter$Builder setField(com.google.firestore.v1.StructuredQuery$FieldReference) -> a
    com.google.firestore.v1.StructuredQuery$UnaryFilter$Builder setOp(com.google.firestore.v1.StructuredQuery$UnaryFilter$Operator) -> a
com.google.firestore.v1.StructuredQuery$UnaryFilter$OperandTypeCase -> b.a.e.a.j0$r$b:
    com.google.firestore.v1.StructuredQuery$UnaryFilter$OperandTypeCase FIELD -> b
    com.google.firestore.v1.StructuredQuery$UnaryFilter$OperandTypeCase OPERANDTYPE_NOT_SET -> c
    com.google.firestore.v1.StructuredQuery$UnaryFilter$OperandTypeCase[] $VALUES -> d
    int value -> a
    com.google.firestore.v1.StructuredQuery$UnaryFilter$OperandTypeCase forNumber(int) -> a
    int getNumber() -> a
com.google.firestore.v1.StructuredQuery$UnaryFilter$Operator -> b.a.e.a.j0$r$c:
    com.google.firestore.v1.StructuredQuery$UnaryFilter$Operator IS_NULL -> d
    com.google.firestore.v1.StructuredQuery$UnaryFilter$Operator IS_NAN -> c
    com.google.firestore.v1.StructuredQuery$UnaryFilter$Operator[] $VALUES -> f
    com.google.firestore.v1.StructuredQuery$UnaryFilter$Operator UNRECOGNIZED -> e
    com.google.firestore.v1.StructuredQuery$UnaryFilter$Operator OPERATOR_UNSPECIFIED -> b
    int value -> a
    com.google.firestore.v1.StructuredQuery$UnaryFilter$Operator forNumber(int) -> a
    int getNumber() -> a
com.google.firestore.v1.StructuredQuery$UnaryFilter$Operator$1 -> b.a.e.a.j0$r$c$a:
com.google.firestore.v1.StructuredQuery$UnaryFilterOrBuilder -> b.a.e.a.j0$s:
com.google.firestore.v1.StructuredQueryOrBuilder -> b.a.e.a.k0: